./api.py:78:80: E501 line too long (86 > 79 characters)
./api.py:83:80: E501 line too long (102 > 79 characters)
./api.py:84:80: E501 line too long (113 > 79 characters)
./api.py:96:80: E501 line too long (90 > 79 characters)
./api.py:99:80: E501 line too long (80 > 79 characters)
./api.py:103:80: E501 line too long (83 > 79 characters)
./app.py:13:80: E501 line too long (80 > 79 characters)
./app.py:21:80: E501 line too long (80 > 79 characters)
./app.py:24:80: E501 line too long (134 > 79 characters)
./app.py:167:80: E501 line too long (80 > 79 characters)
./app.py:180:80: E501 line too long (102 > 79 characters)
./app.py:181:80: E501 line too long (113 > 79 characters)
./app.py:183:5: E722 do not use bare 'except'
./app.py:187:80: E501 line too long (80 > 79 characters)
./app.py:198:21: F541 f-string is missing placeholders
./app.py:198:80: E501 line too long (89 > 79 characters)
./app.py:200:80: E501 line too long (171 > 79 characters)
./app.py:202:21: F541 f-string is missing placeholders
./app.py:202:80: E501 line too long (97 > 79 characters)
./app.py:223:80: E501 line too long (96 > 79 characters)
./app.py:243:80: E501 line too long (87 > 79 characters)
./app.py:246:80: E501 line too long (106 > 79 characters)
./app.py:251:80: E501 line too long (80 > 79 characters)
./app.py:255:80: E501 line too long (97 > 79 characters)
./app.py:279:80: E501 line too long (109 > 79 characters)
./app.py:280:80: E501 line too long (97 > 79 characters)
./app.py:281:80: E501 line too long (109 > 79 characters)
./app.py:291:80: E501 line too long (101 > 79 characters)
./app.py:292:80: E501 line too long (101 > 79 characters)
./app.py:299:80: E501 line too long (95 > 79 characters)
./app.py:317:80: E501 line too long (106 > 79 characters)
./app.py:318:80: E501 line too long (113 > 79 characters)
./app.py:328:80: E501 line too long (95 > 79 characters)
./config.py:9:80: E501 line too long (86 > 79 characters)
./ingest.py:3:80: E501 line too long (85 > 79 characters)
./ingest.py:36:80: E501 line too long (96 > 79 characters)
./ingest.py:66:80: E501 line too long (114 > 79 characters)
./pdf_loader.py:10:1: F401 'os' imported but unused
./pdf_loader.py:27:80: E501 line too long (87 > 79 characters)
./pdf_loader.py:60:80: E501 line too long (86 > 79 characters)
./pdf_loader.py:69:80: E501 line too long (84 > 79 characters)
./pdf_loader.py:128:28: F541 f-string is missing placeholders
./rag_chain.py:9:80: E501 line too long (93 > 79 characters)
./rag_chain.py:24:80: E501 line too long (160 > 79 characters)
./rag_chain.py:27:80: E501 line too long (138 > 79 characters)
./rag_chain.py:65:80: E501 line too long (83 > 79 characters)
./rag_chain.py:77:80: E501 line too long (84 > 79 characters)
./rag_chain.py:114:80: E501 line too long (95 > 79 characters)
